Using pre-set license
Built from '2020.3/staging' branch; Version is '2020.3.20f1 (41c4e627c95f) revision 4310246'; Using compiler version '192528614'; Build Type 'Release'
OS: 'Windows 10 Pro; OS build 19042.1237; Version 2009; 64bit' Language: 'tr' Physical Memory: 8075 MB
BatchMode: 1, IsHumanControllingUs: 0, StartBugReporterOnCrash: 0, Is64bit: 1, IsPro: 0

COMMAND LINE ARGUMENTS:
C:\Program Files\Unity\Hub\Editor\2020.3.20f1\Editor\Unity.exe
-adb2
-batchMode
-noUpm
-name
AssetImportWorker0
-projectPath
C:/Users/ASUS/Desktop/oyunlar/nesnevurmaoyunu
-logFile
Logs/AssetImportWorker0.log
-srvPort
49573
Successfully changed project path to: C:/Users/ASUS/Desktop/oyunlar/nesnevurmaoyunu
C:/Users/ASUS/Desktop/oyunlar/nesnevurmaoyunu
Using Asset Import Pipeline V2.
Refreshing native plugins compatible for Editor in 32.83 ms, found 2 plugins.
Preloading 0 native plugins for Editor in 0.00 ms.
Initialize engine version: 2020.3.20f1 (41c4e627c95f)
[Subsystems] Discovering subsystems at path C:/Program Files/Unity/Hub/Editor/2020.3.20f1/Editor/Data/Resources/UnitySubsystems
[Subsystems] Discovering subsystems at path C:/Users/ASUS/Desktop/oyunlar/nesnevurmaoyunu/Assets
GfxDevice: creating device client; threaded=0
Direct3D:
    Version:  Direct3D 11.0 [level 11.0]
    Renderer: NVIDIA GeForce 930MX (ID=0x134e)
    Vendor:   
    VRAM:     2010 MB
    Driver:   27.21.14.5167
Shader 'Custom/AdditiveTintable': fallback shader 'Particles/Additive (Soft)' not found
Initialize mono
Mono path[0] = 'C:/Program Files/Unity/Hub/Editor/2020.3.20f1/Editor/Data/Managed'
Mono path[1] = 'C:/Program Files/Unity/Hub/Editor/2020.3.20f1/Editor/Data/MonoBleedingEdge/lib/mono/unityjit'
Mono config path = 'C:/Program Files/Unity/Hub/Editor/2020.3.20f1/Editor/Data/MonoBleedingEdge/etc'
Using monoOptions --debugger-agent=transport=dt_socket,embedding=1,server=y,suspend=n,address=127.0.0.1:56584
Begin MonoManager ReloadAssembly
Registering precompiled unity dll's ...
Register platform support module: C:/Program Files/Unity/Hub/Editor/2020.3.20f1/Editor/Data/PlaybackEngines/WebGLSupport/UnityEditor.WebGL.Extensions.dll
Register platform support module: C:/Program Files/Unity/Hub/Editor/2020.3.20f1/Editor/Data/PlaybackEngines/WindowsStandaloneSupport/UnityEditor.WindowsStandalone.Extensions.dll
Registered in 0.002462 seconds.
Native extension for WindowsStandalone target not found
Native extension for WebGL target not found
Refreshing native plugins compatible for Editor in 32.30 ms, found 2 plugins.
Preloading 0 native plugins for Editor in 0.00 ms.
Mono: successfully reloaded assembly
- Completed reload, in  2.100 seconds
Domain Reload Profiling:
	ReloadAssembly (2100ms)
		BeginReloadAssembly (57ms)
			ExecutionOrderSort (0ms)
			DisableScriptedObjects (0ms)
			BackupInstance (0ms)
			ReleaseScriptingObjects (0ms)
			CreateAndSetChildDomain (1ms)
		EndReloadAssembly (458ms)
			LoadAssemblies (55ms)
			RebuildTransferFunctionScriptingTraits (0ms)
			SetupTypeCache (181ms)
			ReleaseScriptCaches (0ms)
			RebuildScriptCaches (34ms)
			SetupLoadedEditorAssemblies (166ms)
				LogAssemblyErrors (0ms)
				InitializePlatformSupportModulesInManaged (5ms)
				SetLoadedEditorAssemblies (0ms)
				RefreshPlugins (32ms)
				BeforeProcessingInitializeOnLoad (9ms)
				ProcessInitializeOnLoadAttributes (90ms)
				ProcessInitializeOnLoadMethodAttributes (30ms)
				AfterProcessingInitializeOnLoad (0ms)
				EditorAssembliesLoaded (0ms)
			ExecutionOrderSort2 (0ms)
			AwakeInstancesAfterBackupRestoration (0ms)
Platform modules already initialized, skipping
Registering precompiled user dll's ...
Registered in 0.003002 seconds.
Begin MonoManager ReloadAssembly
Native extension for WindowsStandalone target not found
Native extension for WebGL target not found
Refreshing native plugins compatible for Editor in 0.31 ms, found 2 plugins.
Preloading 0 native plugins for Editor in 0.00 ms.
Mono: successfully reloaded assembly
- Completed reload, in  1.087 seconds
Domain Reload Profiling:
	ReloadAssembly (1088ms)
		BeginReloadAssembly (159ms)
			ExecutionOrderSort (0ms)
			DisableScriptedObjects (5ms)
			BackupInstance (0ms)
			ReleaseScriptingObjects (0ms)
			CreateAndSetChildDomain (19ms)
		EndReloadAssembly (864ms)
			LoadAssemblies (91ms)
			RebuildTransferFunctionScriptingTraits (0ms)
			SetupTypeCache (312ms)
			ReleaseScriptCaches (0ms)
			RebuildScriptCaches (46ms)
			SetupLoadedEditorAssemblies (319ms)
				LogAssemblyErrors (0ms)
				InitializePlatformSupportModulesInManaged (7ms)
				SetLoadedEditorAssemblies (0ms)
				RefreshPlugins (0ms)
				BeforeProcessingInitializeOnLoad (60ms)
				ProcessInitializeOnLoadAttributes (241ms)
				ProcessInitializeOnLoadMethodAttributes (4ms)
				AfterProcessingInitializeOnLoad (6ms)
				EditorAssembliesLoaded (0ms)
			ExecutionOrderSort2 (0ms)
			AwakeInstancesAfterBackupRestoration (7ms)
Platform modules already initialized, skipping
========================================================================
Worker process is ready to serve import requests
Shader 'Custom/AdditiveTintable': fallback shader 'Particles/Additive (Soft)' not found
Launched and connected shader compiler UnityShaderCompiler.exe after 0.18 seconds
Refreshing native plugins compatible for Editor in 0.40 ms, found 2 plugins.
Preloading 0 native plugins for Editor in 0.00 ms.
Unloading 1422 Unused Serialized files (Serialized files now loaded: 0)
System memory in use before: 66.1 MB.
System memory in use after: 66.2 MB.

Unloading 16 unused Assets to reduce memory usage. Loaded Objects now: 1863.
Total: 3.672400 ms (FindLiveObjects: 0.250800 ms CreateObjectMapping: 0.083200 ms MarkObjects: 3.241000 ms  DeleteObjects: 0.095800 ms)

AssetImportParameters requested are different than current active one (requested -> active):
  custom:framework-win-MediaFoundation: 216162199b28c13a410421893ffa2e32 -> 
  custom:video-decoder-ogg-theora: a1e56fd34408186e4bbccfd4996cb3dc -> 
  custom:container-muxer-webm: aa71ff27fc2769a1b78a27578f13a17b -> 
  custom:container-demuxer-webm: 4f35f7cbe854078d1ac9338744f61a02 -> 
  custom:container-demuxer-ogg: 62fdf1f143b41e24485cea50d1cbac27 -> 
  custom:video-encoder-webm-vp8: eb34c28f22e8b96e1ab97ce403110664 -> 
  custom:video-decoder-webm-vp8: 9c59270c3fd7afecdb556c50c9e8de78 -> 
  custom:audio-decoder-ogg-vorbis: bf7c407c2cedff20999df2af8eb42d56 -> 
  custom:audio-encoder-webm-vorbis: bf7c407c2cedff20999df2af8eb42d56 -> 
========================================================================
Received Import Request.
  path: Assets/ExplosiveRealFree/sprite_realExplosion_c.png
  artifactKey: Guid(7a705b797216bf141aa58638b53364e7) Importer(815301076,1909f56bfc062723c751e8b465ee728b)
Start importing Assets/ExplosiveRealFree/sprite_realExplosion_c.png using Guid(7a705b797216bf141aa58638b53364e7) Importer(815301076,1909f56bfc062723c751e8b465ee728b)  -> (artifact id: 'd759b4f86e3f738e113425a5ef5da0ca') in 0.408374 seconds 
  Import took 0.412723 seconds .

========================================================================
Received Import Request.
  Time since last request: 0.000234 seconds.
  path: Assets/Attack Helicopter2/Mi24.fbx
  artifactKey: Guid(1102787bb5eb2874385b8e60f5f342ca) Importer(815301076,1909f56bfc062723c751e8b465ee728b)
Start importing Assets/Attack Helicopter2/Mi24.fbx using Guid(1102787bb5eb2874385b8e60f5f342ca) Importer(815301076,1909f56bfc062723c751e8b465ee728b)  -> (artifact id: '9c1089606140c6a3b6211f94bce018f6') in 0.690263 seconds 
  Import took 0.695440 seconds .

========================================================================
Received Import Request.
  Time since last request: 0.000205 seconds.
  path: Assets/materyal/kırmızı.mat
  artifactKey: Guid(06fedc91fae3ba54da110264c6160852) Importer(815301076,1909f56bfc062723c751e8b465ee728b)
Start importing Assets/materyal/kırmızı.mat using Guid(06fedc91fae3ba54da110264c6160852) Importer(815301076,1909f56bfc062723c751e8b465ee728b)  -> (artifact id: 'dd4171b0af2e29e28634c8594961b1d8') in 0.094388 seconds 
  Import took 0.098156 seconds .

========================================================================
Received Import Request.
  Time since last request: 0.000201 seconds.
  path: Assets/materyal/mavi.mat
  artifactKey: Guid(25ae9f2914cf0cf418000fb4fef4a3a0) Importer(815301076,1909f56bfc062723c751e8b465ee728b)
Start importing Assets/materyal/mavi.mat using Guid(25ae9f2914cf0cf418000fb4fef4a3a0) Importer(815301076,1909f56bfc062723c751e8b465ee728b)  -> (artifact id: '0c9b3484fbef54d98c33620ffb9530e8') in 0.038246 seconds 
  Import took 0.043375 seconds .

========================================================================
Received Import Request.
  Time since last request: 2.941144 seconds.
  path: Assets/PyroParticles/Prefab/Prefab/CampFire.prefab
  artifactKey: Guid(8a23a06107e96134598493163a37174f) Importer(815301076,1909f56bfc062723c751e8b465ee728b)
Start importing Assets/PyroParticles/Prefab/Prefab/CampFire.prefab using Guid(8a23a06107e96134598493163a37174f) Importer(815301076,1909f56bfc062723c751e8b465ee728b)  -> (artifact id: '35d9280f9277fad33210d112ccc16869') in 0.268856 seconds 
  Import took 0.277934 seconds .

========================================================================
Received Import Request.
  Time since last request: 0.000207 seconds.
  path: Assets/prefab/Mi24.prefab
  artifactKey: Guid(45a03dd02b9f03e46b26bc7aeface7ab) Importer(815301076,1909f56bfc062723c751e8b465ee728b)
Start importing Assets/prefab/Mi24.prefab using Guid(45a03dd02b9f03e46b26bc7aeface7ab) Importer(815301076,1909f56bfc062723c751e8b465ee728b)  -> (artifact id: 'da1df74366e9b787faa01075b260a523') in 0.053540 seconds 
  Import took 0.058865 seconds .

========================================================================
Received Import Request.
  Time since last request: 0.000212 seconds.
  path: Assets/PyroParticles/Demo/CratePrefab.prefab
  artifactKey: Guid(12263925bd92ff44a998598877e693a9) Importer(815301076,1909f56bfc062723c751e8b465ee728b)
Start importing Assets/PyroParticles/Demo/CratePrefab.prefab using Guid(12263925bd92ff44a998598877e693a9) Importer(815301076,1909f56bfc062723c751e8b465ee728b)  -> (artifact id: '89d4100f09ae9111f9af7e008157e278') in 0.262463 seconds 
  Import took 0.266043 seconds .

========================================================================
Received Import Request.
  Time since last request: 0.000236 seconds.
  path: Assets/prefab/mermi.prefab
  artifactKey: Guid(91af7af3346bc0e4e80bb1e5babf837f) Importer(815301076,1909f56bfc062723c751e8b465ee728b)
Start importing Assets/prefab/mermi.prefab using Guid(91af7af3346bc0e4e80bb1e5babf837f) Importer(815301076,1909f56bfc062723c751e8b465ee728b)  -> (artifact id: 'cd12102646f506b8fcc3979a49c20be2') in 0.203262 seconds 
  Import took 0.213532 seconds .

========================================================================
Received Import Request.
  Time since last request: 0.000553 seconds.
  path: Assets/PyroParticles/Prefab/Prefab/FireExplosion.prefab
  artifactKey: Guid(3c5f4e32698bdb04eaed647f60310510) Importer(815301076,1909f56bfc062723c751e8b465ee728b)
Start importing Assets/PyroParticles/Prefab/Prefab/FireExplosion.prefab using Guid(3c5f4e32698bdb04eaed647f60310510) Importer(815301076,1909f56bfc062723c751e8b465ee728b)  -> (artifact id: '52ee4f0a9219a0b0665f29fbd557f05b') in 0.108760 seconds 
  Import took 0.161973 seconds .

========================================================================
Received Import Request.
  Time since last request: 0.000387 seconds.
  path: Assets/PyroParticles/Prefab/Prefab/MeteorSwarm.prefab
  artifactKey: Guid(d7b50f004cdc74b409188d8b822292fc) Importer(815301076,1909f56bfc062723c751e8b465ee728b)
Start importing Assets/PyroParticles/Prefab/Prefab/MeteorSwarm.prefab using Guid(d7b50f004cdc74b409188d8b822292fc) Importer(815301076,1909f56bfc062723c751e8b465ee728b)  -> (artifact id: '6bd12ad11826b1274c3fdbe7377fdf14') in 0.163373 seconds 
  Import took 0.172813 seconds .

========================================================================
Received Import Request.
  Time since last request: 0.000261 seconds.
  path: Assets/PyroParticles/Demo/GroundPlane.prefab
  artifactKey: Guid(f45d0aac4a59fb64ab8f6b07579e6b81) Importer(815301076,1909f56bfc062723c751e8b465ee728b)
Start importing Assets/PyroParticles/Demo/GroundPlane.prefab using Guid(f45d0aac4a59fb64ab8f6b07579e6b81) Importer(815301076,1909f56bfc062723c751e8b465ee728b)  -> (artifact id: '0d2d9ba761a398508ab7e9d75f4e794b') in 0.373125 seconds 
  Import took 0.378934 seconds .

========================================================================
Received Import Request.
  Time since last request: 0.000315 seconds.
  path: Assets/PyroParticles/Prefab/Models/FireModelSphere_LowPoly.fbx
  artifactKey: Guid(04bd492e0e5d35a48a3f6c6ac3f3eba6) Importer(815301076,1909f56bfc062723c751e8b465ee728b)
Start importing Assets/PyroParticles/Prefab/Models/FireModelSphere_LowPoly.fbx using Guid(04bd492e0e5d35a48a3f6c6ac3f3eba6) Importer(815301076,1909f56bfc062723c751e8b465ee728b)  -> (artifact id: 'be117694ac7f94155ed2938d7362e375') in 0.093323 seconds 
  Import took 0.113536 seconds .

========================================================================
Received Import Request.
  Time since last request: 0.000553 seconds.
  path: Assets/PyroParticles/Prefab/Prefab/Flamethrower.prefab
  artifactKey: Guid(50daa816369323b42b56093bb108296f) Importer(815301076,1909f56bfc062723c751e8b465ee728b)
Start importing Assets/PyroParticles/Prefab/Prefab/Flamethrower.prefab using Guid(50daa816369323b42b56093bb108296f) Importer(815301076,1909f56bfc062723c751e8b465ee728b)  -> (artifact id: '38b339c2b578ae5aa322a18fc5a664a3') in 0.038848 seconds 
  Import took 0.042618 seconds .

========================================================================
Received Import Request.
  Time since last request: 0.000247 seconds.
  path: Assets/ExplosiveRealFree/Example/sprite_realExplosion_c_example.prefab
  artifactKey: Guid(a0040bf7072bc2f4e82d887d50a9c5e2) Importer(815301076,1909f56bfc062723c751e8b465ee728b)
Start importing Assets/ExplosiveRealFree/Example/sprite_realExplosion_c_example.prefab using Guid(a0040bf7072bc2f4e82d887d50a9c5e2) Importer(815301076,1909f56bfc062723c751e8b465ee728b)  -> (artifact id: 'abacb1563433ef1554a8005e6e41f4de') in 0.037823 seconds 
  Import took 0.043311 seconds .

========================================================================
Received Import Request.
  Time since last request: 0.000180 seconds.
  path: Assets/PyroParticles/Prefab/Prefab/Firebolt.prefab
  artifactKey: Guid(369eee557c4d41c479225bf744fa6a5f) Importer(815301076,1909f56bfc062723c751e8b465ee728b)
Start importing Assets/PyroParticles/Prefab/Prefab/Firebolt.prefab using Guid(369eee557c4d41c479225bf744fa6a5f) Importer(815301076,1909f56bfc062723c751e8b465ee728b)  -> (artifact id: 'd18bb28b8d1be99c662119d88043723f') in 0.058164 seconds 
  Import took 0.062955 seconds .

========================================================================
Received Import Request.
  Time since last request: 0.000327 seconds.
  path: Assets/PyroParticles/Prefab/Prefab/RingOfFire.prefab
  artifactKey: Guid(062893e7007e39441aea009115b6cefa) Importer(815301076,1909f56bfc062723c751e8b465ee728b)
Start importing Assets/PyroParticles/Prefab/Prefab/RingOfFire.prefab using Guid(062893e7007e39441aea009115b6cefa) Importer(815301076,1909f56bfc062723c751e8b465ee728b)  -> (artifact id: '57370a77f4e80dcee6978846109cb713') in 0.035896 seconds 
  Import took 0.039656 seconds .

========================================================================
Received Import Request.
  Time since last request: 0.000184 seconds.
  path: Assets/PyroParticles/Prefab/Models/FireModelRocks_LowPoly.fbx
  artifactKey: Guid(371ed6c0dd75f6a4ebd1dfcb0b578b46) Importer(815301076,1909f56bfc062723c751e8b465ee728b)
Start importing Assets/PyroParticles/Prefab/Models/FireModelRocks_LowPoly.fbx using Guid(371ed6c0dd75f6a4ebd1dfcb0b578b46) Importer(815301076,1909f56bfc062723c751e8b465ee728b)  -> (artifact id: 'cf0f3d7235aed73e916d54c211964816') in 0.088554 seconds 
  Import took 0.091525 seconds .

========================================================================
Received Import Request.
  Time since last request: 0.000185 seconds.
  path: Assets/PyroParticles/Prefab/Prefab/Fireball.prefab
  artifactKey: Guid(8f18e1d8c46c51f429429815455062fc) Importer(815301076,1909f56bfc062723c751e8b465ee728b)
Start importing Assets/PyroParticles/Prefab/Prefab/Fireball.prefab using Guid(8f18e1d8c46c51f429429815455062fc) Importer(815301076,1909f56bfc062723c751e8b465ee728b)  -> (artifact id: 'bf24e9af5b505fce0cd988339bce25af') in 0.040551 seconds 
  Import took 0.044512 seconds .

========================================================================
Received Import Request.
  Time since last request: 0.000196 seconds.
  path: Assets/PyroParticles/Prefab/Prefab/SmallFires.prefab
  artifactKey: Guid(18faec2a14493684d905501076799765) Importer(815301076,1909f56bfc062723c751e8b465ee728b)
Start importing Assets/PyroParticles/Prefab/Prefab/SmallFires.prefab using Guid(18faec2a14493684d905501076799765) Importer(815301076,1909f56bfc062723c751e8b465ee728b)  -> (artifact id: '12cff7770d53ed86fe0cce453a71b27e') in 0.030071 seconds 
  Import took 0.033100 seconds .

========================================================================
Received Import Request.
  Time since last request: 0.000190 seconds.
  path: Assets/PyroParticles/Prefab/Prefab/Meteor.prefab
  artifactKey: Guid(8aeb2c0224fe763499eed3ec0587162b) Importer(815301076,1909f56bfc062723c751e8b465ee728b)
Start importing Assets/PyroParticles/Prefab/Prefab/Meteor.prefab using Guid(8aeb2c0224fe763499eed3ec0587162b) Importer(815301076,1909f56bfc062723c751e8b465ee728b)  -> (artifact id: '788c476ad59e8afa509576b00430fc37') in 0.196546 seconds 
  Import took 0.202046 seconds .

========================================================================
Received Import Request.
  Time since last request: 0.000356 seconds.
  path: Assets/PyroParticles/Prefab/Prefab/WallOfFire.prefab
  artifactKey: Guid(8c51d7df2d29ba8449f85eb74c672555) Importer(815301076,1909f56bfc062723c751e8b465ee728b)
Start importing Assets/PyroParticles/Prefab/Prefab/WallOfFire.prefab using Guid(8c51d7df2d29ba8449f85eb74c672555) Importer(815301076,1909f56bfc062723c751e8b465ee728b)  -> (artifact id: 'ae9ff8abfc2283308fac8c34dfa5baaf') in 0.035185 seconds 
  Import took 0.039059 seconds .

========================================================================
Received Import Request.
  Time since last request: 0.000358 seconds.
  path: Assets/PyroParticles/Prefab/Prefab/Flamestrike.prefab
  artifactKey: Guid(b86c5b2aa8096224886b7d41a74230ac) Importer(815301076,1909f56bfc062723c751e8b465ee728b)
Start importing Assets/PyroParticles/Prefab/Prefab/Flamestrike.prefab using Guid(b86c5b2aa8096224886b7d41a74230ac) Importer(815301076,1909f56bfc062723c751e8b465ee728b)  -> (artifact id: 'ea4652b2de240047246d04dfae4627e1') in 0.025338 seconds 
  Import took 0.028865 seconds .

========================================================================
Received Import Request.
  Time since last request: 0.359937 seconds.
  path: Assets/Attack Helicopter2/Materials/1K_Mi24_TXTR.mat
  artifactKey: Guid(324493c780db27a4ba02b9de132980b6) Importer(815301076,1909f56bfc062723c751e8b465ee728b)
Start importing Assets/Attack Helicopter2/Materials/1K_Mi24_TXTR.mat using Guid(324493c780db27a4ba02b9de132980b6) Importer(815301076,1909f56bfc062723c751e8b465ee728b)  -> (artifact id: 'e0454de8a35bc66dae353302382404cb') in 0.042231 seconds 
  Import took 0.046658 seconds .

========================================================================
Received Import Request.
  Time since last request: 0.000338 seconds.
  path: Assets/PyroParticles/Prefab/Materials/FireParticleFlame3SheetMaterial.mat
  artifactKey: Guid(c8741e37416c2c340840b041f165218a) Importer(815301076,1909f56bfc062723c751e8b465ee728b)
Start importing Assets/PyroParticles/Prefab/Materials/FireParticleFlame3SheetMaterial.mat using Guid(c8741e37416c2c340840b041f165218a) Importer(815301076,1909f56bfc062723c751e8b465ee728b)  -> (artifact id: '10740bbe8ddf79f44f56e9dd183149c9') in 0.043484 seconds 
  Import took 0.047012 seconds .

========================================================================
Received Import Request.
  Time since last request: 0.000520 seconds.
  path: Assets/PyroParticles/Prefab/Materials/FireParticleMeteorSheetMaterial.mat
  artifactKey: Guid(9adad2d2767f88e4dbb1b2b0cf704110) Importer(815301076,1909f56bfc062723c751e8b465ee728b)
Start importing Assets/PyroParticles/Prefab/Materials/FireParticleMeteorSheetMaterial.mat using Guid(9adad2d2767f88e4dbb1b2b0cf704110) Importer(815301076,1909f56bfc062723c751e8b465ee728b)  -> (artifact id: '40d82db402468a471050757d2598d5d6') in 0.092239 seconds 
  Import took 0.099403 seconds .

========================================================================
Received Import Request.
  Time since last request: 0.000577 seconds.
  path: Assets/PyroParticles/Prefab/Materials/FireParticalSmokeMaterial.mat
  artifactKey: Guid(686b6124da653dd46bbb7825a4d55a46) Importer(815301076,1909f56bfc062723c751e8b465ee728b)
Start importing Assets/PyroParticles/Prefab/Materials/FireParticalSmokeMaterial.mat using Guid(686b6124da653dd46bbb7825a4d55a46) Importer(815301076,1909f56bfc062723c751e8b465ee728b)  -> (artifact id: '05871c6b2c9e676c0f5c3bb05489f95f') in 0.032362 seconds 
  Import took 0.041275 seconds .

========================================================================
Received Import Request.
  Time since last request: 0.000255 seconds.
  path: Assets/PyroParticles/Prefab/Materials/FireParticleSparkSheetMaterial.mat
  artifactKey: Guid(8c21858337a2204498f876bc9d570292) Importer(815301076,1909f56bfc062723c751e8b465ee728b)
Start importing Assets/PyroParticles/Prefab/Materials/FireParticleSparkSheetMaterial.mat using Guid(8c21858337a2204498f876bc9d570292) Importer(815301076,1909f56bfc062723c751e8b465ee728b)  -> (artifact id: '9ea8692c54556747eedb67c764ff1f81') in 0.032591 seconds 
  Import took 0.036451 seconds .

========================================================================
Received Import Request.
  Time since last request: 0.000188 seconds.
  path: Assets/PyroParticles/Prefab/Materials/FireParticleMeteor4Material.mat
  artifactKey: Guid(9f663aa0d3dc3f44389306ed68c6c668) Importer(815301076,1909f56bfc062723c751e8b465ee728b)
Start importing Assets/PyroParticles/Prefab/Materials/FireParticleMeteor4Material.mat using Guid(9f663aa0d3dc3f44389306ed68c6c668) Importer(815301076,1909f56bfc062723c751e8b465ee728b)  -> (artifact id: '9febccc0b6308f5e4ea268c844a1a06a') in 0.090431 seconds 
  Import took 0.096056 seconds .

========================================================================
Received Import Request.
  Time since last request: 0.000559 seconds.
  path: Assets/PyroParticles/Prefab/Materials/FireParticleFlameSheetMaterial.mat
  artifactKey: Guid(bfb96bb86f3f7c349a574d4cdb56f6c9) Importer(815301076,1909f56bfc062723c751e8b465ee728b)
Start importing Assets/PyroParticles/Prefab/Materials/FireParticleFlameSheetMaterial.mat using Guid(bfb96bb86f3f7c349a574d4cdb56f6c9) Importer(815301076,1909f56bfc062723c751e8b465ee728b)  -> (artifact id: '578f7ae398bbc6cf426674d46239de2b') in 0.039954 seconds 
  Import took 0.044459 seconds .

========================================================================
Received Import Request.
  Time since last request: 0.000196 seconds.
  path: Assets/PyroParticles/Demo/GroundMaterial.mat
  artifactKey: Guid(0d5235a7c819c56458eed6c660319223) Importer(815301076,1909f56bfc062723c751e8b465ee728b)
Start importing Assets/PyroParticles/Demo/GroundMaterial.mat using Guid(0d5235a7c819c56458eed6c660319223) Importer(815301076,1909f56bfc062723c751e8b465ee728b)  -> (artifact id: '7152cee3e7d5c65e6b067556c80f1ffe') in 0.210633 seconds 
  Import took 0.216341 seconds .

========================================================================
Received Import Request.
  Time since last request: 0.000504 seconds.
  path: Assets/PyroParticles/Prefab/Models/Materials/No Name.mat
  artifactKey: Guid(cff0bd542645b02449846875f148e9ab) Importer(815301076,1909f56bfc062723c751e8b465ee728b)
Start importing Assets/PyroParticles/Prefab/Models/Materials/No Name.mat using Guid(cff0bd542645b02449846875f148e9ab) Importer(815301076,1909f56bfc062723c751e8b465ee728b)  -> (artifact id: '6186fe47fa057c0b8f52a2933f9047ef') in 0.038790 seconds 
  Import took 0.041711 seconds .

========================================================================
Received Import Request.
  Time since last request: 0.000212 seconds.
  path: Assets/PyroParticles/Prefab/Materials/FireParticleSingleMaterial.mat
  artifactKey: Guid(ba67e6036fc0e6e458a752d8c702039c) Importer(815301076,1909f56bfc062723c751e8b465ee728b)
Start importing Assets/PyroParticles/Prefab/Materials/FireParticleSingleMaterial.mat using Guid(ba67e6036fc0e6e458a752d8c702039c) Importer(815301076,1909f56bfc062723c751e8b465ee728b)  -> (artifact id: '5eccaf0866c83a2030ce26068e4e6829') in 0.141247 seconds 
  Import took 0.166752 seconds .

========================================================================
Received Import Request.
  Time since last request: 0.000336 seconds.
  path: Assets/PyroParticles/Prefab/Materials/FireParticleGlowMaterial.mat
  artifactKey: Guid(3eb8cc4a6fb112f418bc9ccff02be21f) Importer(815301076,1909f56bfc062723c751e8b465ee728b)
Start importing Assets/PyroParticles/Prefab/Materials/FireParticleGlowMaterial.mat using Guid(3eb8cc4a6fb112f418bc9ccff02be21f) Importer(815301076,1909f56bfc062723c751e8b465ee728b)  -> (artifact id: '8a6ab091a0ea711e30464e495a57a220') in 0.101958 seconds 
  Import took 0.172252 seconds .

========================================================================
Received Import Request.
  Time since last request: 0.000338 seconds.
  path: Assets/ExplosiveRealFree/Materials/sprite_realExplosion_c.mat
  artifactKey: Guid(1434a77406fde6947b1f006bfe5e8953) Importer(815301076,1909f56bfc062723c751e8b465ee728b)
Start importing Assets/ExplosiveRealFree/Materials/sprite_realExplosion_c.mat using Guid(1434a77406fde6947b1f006bfe5e8953) Importer(815301076,1909f56bfc062723c751e8b465ee728b)  -> (artifact id: 'f7479742ac73ffc6ecbbfe22f463f343') in 0.050649 seconds 
  Import took 0.124900 seconds .

========================================================================
Received Import Request.
  Time since last request: 0.000221 seconds.
  path: Assets/PyroParticles/Prefab/Materials/FireParticleMeteorMaterial.mat
  artifactKey: Guid(c975a23d2a12fb04cb68170f0ba3b056) Importer(815301076,1909f56bfc062723c751e8b465ee728b)
Start importing Assets/PyroParticles/Prefab/Materials/FireParticleMeteorMaterial.mat using Guid(c975a23d2a12fb04cb68170f0ba3b056) Importer(815301076,1909f56bfc062723c751e8b465ee728b)  -> (artifact id: '3a2164f786fc02025d76434db84873f5') in 0.214685 seconds 
  Import took 0.221253 seconds .

========================================================================
Received Import Request.
  Time since last request: 0.000119 seconds.
  path: Assets/PyroParticles/Prefab/Materials/FireParticleMeteor2Material.mat
  artifactKey: Guid(06bcc524020473946802a42e97a47794) Importer(815301076,1909f56bfc062723c751e8b465ee728b)
Start importing Assets/PyroParticles/Prefab/Materials/FireParticleMeteor2Material.mat using Guid(06bcc524020473946802a42e97a47794) Importer(815301076,1909f56bfc062723c751e8b465ee728b)  -> (artifact id: 'c25dd21956e64b4838c1b200077e5406') in 0.270835 seconds 
  Import took 0.304767 seconds .

========================================================================
Received Import Request.
  Time since last request: 0.000500 seconds.
  path: Assets/PyroParticles/Prefab/Materials/FireParticleFlameLickSheetMaterial.mat
  artifactKey: Guid(b1a62c49a92b7b942bb4a77f32a3ea17) Importer(815301076,1909f56bfc062723c751e8b465ee728b)
Start importing Assets/PyroParticles/Prefab/Materials/FireParticleFlameLickSheetMaterial.mat using Guid(b1a62c49a92b7b942bb4a77f32a3ea17) Importer(815301076,1909f56bfc062723c751e8b465ee728b)  -> (artifact id: '1ed3350dba6e3f1ae1bfa58a03ca59cc') in 0.089013 seconds 
  Import took 0.093020 seconds .

========================================================================
Received Import Request.
  Time since last request: 0.000202 seconds.
  path: Assets/PyroParticles/Prefab/Materials/FireParticleSoftMaterial.mat
  artifactKey: Guid(c10b1630d5621ec48a17223c3c102023) Importer(815301076,1909f56bfc062723c751e8b465ee728b)
Start importing Assets/PyroParticles/Prefab/Materials/FireParticleSoftMaterial.mat using Guid(c10b1630d5621ec48a17223c3c102023) Importer(815301076,1909f56bfc062723c751e8b465ee728b)  -> (artifact id: 'b6e9f072dac78e13fddbc1d0e12ba994') in 0.029029 seconds 
  Import took 0.032910 seconds .

========================================================================
Received Import Request.
  Time since last request: 0.000201 seconds.
  path: Assets/PyroParticles/Prefab/Materials/FireParticleFireballSheetMaterial.mat
  artifactKey: Guid(a19e9e94e5f841049832268b2ff29717) Importer(815301076,1909f56bfc062723c751e8b465ee728b)
Start importing Assets/PyroParticles/Prefab/Materials/FireParticleFireballSheetMaterial.mat using Guid(a19e9e94e5f841049832268b2ff29717) Importer(815301076,1909f56bfc062723c751e8b465ee728b)  -> (artifact id: 'bb3d6088cb8bdca6e2751fcadd5e3799') in 0.030863 seconds 
  Import took 0.034222 seconds .

========================================================================
Received Import Request.
  Time since last request: 0.000205 seconds.
  path: Assets/PyroParticles/Prefab/Materials/FireParticleMeteor3Material.mat
  artifactKey: Guid(3a0fd5be2a3fcea46aeeee98d9790939) Importer(815301076,1909f56bfc062723c751e8b465ee728b)
Start importing Assets/PyroParticles/Prefab/Materials/FireParticleMeteor3Material.mat using Guid(3a0fd5be2a3fcea46aeeee98d9790939) Importer(815301076,1909f56bfc062723c751e8b465ee728b)  -> (artifact id: 'f29f6cd0d6bba29d6312e3e3ea4e9e3d') in 0.074565 seconds 
  Import took 0.077697 seconds .

========================================================================
Received Import Request.
  Time since last request: 0.000270 seconds.
  path: Assets/PyroParticles/Prefab/Materials/FireParticleSparkMaterial.mat
  artifactKey: Guid(f63c576739a709747a1a571260d4fabd) Importer(815301076,1909f56bfc062723c751e8b465ee728b)
Start importing Assets/PyroParticles/Prefab/Materials/FireParticleSparkMaterial.mat using Guid(f63c576739a709747a1a571260d4fabd) Importer(815301076,1909f56bfc062723c751e8b465ee728b)  -> (artifact id: '678df41c13e16d59c79b48e52218d2fb') in 0.029926 seconds 
  Import took 0.033272 seconds .

========================================================================
Received Import Request.
  Time since last request: 0.000239 seconds.
  path: Assets/PyroParticles/Demo/CrateMaterial.mat
  artifactKey: Guid(524b19cf72af34a4d910db01feceaa68) Importer(815301076,1909f56bfc062723c751e8b465ee728b)
Start importing Assets/PyroParticles/Demo/CrateMaterial.mat using Guid(524b19cf72af34a4d910db01feceaa68) Importer(815301076,1909f56bfc062723c751e8b465ee728b)  -> (artifact id: '2256ebfca7e6ddf70fa0351dbc032ab8') in 0.059543 seconds 
  Import took 0.063559 seconds .

========================================================================
Received Import Request.
  Time since last request: 11.079467 seconds.
  path: Assets/ExplosiveRealFree/Materials
  artifactKey: Guid(9d5efe32f33a2094d962594e03c27bf2) Importer(815301076,1909f56bfc062723c751e8b465ee728b)
Start importing Assets/ExplosiveRealFree/Materials using Guid(9d5efe32f33a2094d962594e03c27bf2) Importer(815301076,1909f56bfc062723c751e8b465ee728b)  -> (artifact id: '214299df07329ba3ec2f364c4b6ab814') in 0.007069 seconds 
  Import took 0.010325 seconds .

========================================================================
Received Import Request.
  Time since last request: 11.048006 seconds.
  path: Assets/Sounds/FalseSound.mp3
  artifactKey: Guid(c6d5948a56526b24a8b27cc37117b6e5) Importer(815301076,1909f56bfc062723c751e8b465ee728b)
Start importing Assets/Sounds/FalseSound.mp3 using Guid(c6d5948a56526b24a8b27cc37117b6e5) Importer(815301076,1909f56bfc062723c751e8b465ee728b)  -> (artifact id: 'e5d9b062ff07ffd0a0c54abce836bce8') in 0.108557 seconds 
  Import took 0.111981 seconds .

========================================================================
Received Import Request.
  Time since last request: 0.000334 seconds.
  path: Assets/Sounds/TrueSound.mp3
  artifactKey: Guid(21cd0baa38179ed459d4b30cfd977d4d) Importer(815301076,1909f56bfc062723c751e8b465ee728b)
Start importing Assets/Sounds/TrueSound.mp3 using Guid(21cd0baa38179ed459d4b30cfd977d4d) Importer(815301076,1909f56bfc062723c751e8b465ee728b)  -> (artifact id: '541f4573c8fc80a41f9598b513d59cfd') in 0.022863 seconds 
  Import took 0.027704 seconds .

========================================================================
Received Import Request.
  Time since last request: 79.667006 seconds.
  path: Assets/PyroParticles/Demo/CratePhysicsMaterial.physicMaterial
  artifactKey: Guid(42f09312a07995948980601c8901b6b8) Importer(815301076,1909f56bfc062723c751e8b465ee728b)
Start importing Assets/PyroParticles/Demo/CratePhysicsMaterial.physicMaterial using Guid(42f09312a07995948980601c8901b6b8) Importer(815301076,1909f56bfc062723c751e8b465ee728b)  -> (artifact id: '8f4bb6a797410a5d22408153dc1fc042') in 0.022569 seconds 
  Import took 0.026389 seconds .

========================================================================
Received Import Request.
  Time since last request: 0.000268 seconds.
  path: Assets/PyroParticles/Demo/Ground-Normal.jpg
  artifactKey: Guid(20e7919d92daa814ab85b18ce67de8ca) Importer(815301076,1909f56bfc062723c751e8b465ee728b)
Start importing Assets/PyroParticles/Demo/Ground-Normal.jpg using Guid(20e7919d92daa814ab85b18ce67de8ca) Importer(815301076,1909f56bfc062723c751e8b465ee728b)  -> (artifact id: '0adcd57b28d1920ae8f4bf249b6a3a51') in 0.206154 seconds 
  Import took 0.209980 seconds .

========================================================================
Received Import Request.
  Time since last request: 0.000337 seconds.
  path: Assets/PyroParticles/Demo/GroundPlanePhysicsMaterial.physicMaterial
  artifactKey: Guid(ed39ec1489b586d4bbadd0831bc1d129) Importer(815301076,1909f56bfc062723c751e8b465ee728b)
Start importing Assets/PyroParticles/Demo/GroundPlanePhysicsMaterial.physicMaterial using Guid(ed39ec1489b586d4bbadd0831bc1d129) Importer(815301076,1909f56bfc062723c751e8b465ee728b)  -> (artifact id: 'fd26a1573148e3ecf7a5abd4c10eaf54') in 0.019019 seconds 
  Import took 0.023953 seconds .

========================================================================
Received Import Request.
  Time since last request: 0.000265 seconds.
  path: Assets/PyroParticles/Demo/Ground-Diffuse.jpg
  artifactKey: Guid(75c7e8672f334a14fa6992e32d7368ec) Importer(815301076,1909f56bfc062723c751e8b465ee728b)
Start importing Assets/PyroParticles/Demo/Ground-Diffuse.jpg using Guid(75c7e8672f334a14fa6992e32d7368ec) Importer(815301076,1909f56bfc062723c751e8b465ee728b)  -> (artifact id: 'b75cbbb6ea383c09d47b35e5020443e9') in 0.082134 seconds 
  Import took 0.084835 seconds .

========================================================================
Received Import Request.
  Time since last request: 0.000193 seconds.
  path: Assets/PyroParticles/Demo/CrateTexture_Normal.tga
  artifactKey: Guid(b3a32eb66816c4e4587d83a2f3bfe424) Importer(815301076,1909f56bfc062723c751e8b465ee728b)
Start importing Assets/PyroParticles/Demo/CrateTexture_Normal.tga using Guid(b3a32eb66816c4e4587d83a2f3bfe424) Importer(815301076,1909f56bfc062723c751e8b465ee728b)  -> (artifact id: '5aa893914cd5ab078aabe9ecc700b00a') in 0.042230 seconds 
  Import took 0.046490 seconds .

========================================================================
Received Import Request.
  Time since last request: 0.000238 seconds.
  path: Assets/PyroParticles/Demo/CrateTexture_Diffuse.tga
  artifactKey: Guid(21918c57fca997a49832f8e376158842) Importer(815301076,1909f56bfc062723c751e8b465ee728b)
Start importing Assets/PyroParticles/Demo/CrateTexture_Diffuse.tga using Guid(21918c57fca997a49832f8e376158842) Importer(815301076,1909f56bfc062723c751e8b465ee728b)  -> (artifact id: '6458bab055e36309b4927983fa2fbee5') in 0.038312 seconds 
  Import took 0.042658 seconds .

========================================================================
Received Import Request.
  Time since last request: 2.013266 seconds.
  path: Assets/PyroParticles/Prefab/Audio/CampFire.ogg
  artifactKey: Guid(d0d0b7f865e3a50448df4610cf2681dd) Importer(815301076,1909f56bfc062723c751e8b465ee728b)
Start importing Assets/PyroParticles/Prefab/Audio/CampFire.ogg using Guid(d0d0b7f865e3a50448df4610cf2681dd) Importer(815301076,1909f56bfc062723c751e8b465ee728b)  -> (artifact id: '39c877c9a548e03f4e682bfb63d93b08') in 0.026093 seconds 
  Import took 0.029534 seconds .

========================================================================
Received Import Request.
  Time since last request: 0.000273 seconds.
  path: Assets/PyroParticles/Prefab/Audio/FireExplosion9.ogg
  artifactKey: Guid(00567c9401ce5364fa0b2830749f785a) Importer(815301076,1909f56bfc062723c751e8b465ee728b)
Start importing Assets/PyroParticles/Prefab/Audio/FireExplosion9.ogg using Guid(00567c9401ce5364fa0b2830749f785a) Importer(815301076,1909f56bfc062723c751e8b465ee728b)  -> (artifact id: '9a712e55c8f0cb1b7b38eb07d1fda189') in 0.033127 seconds 
  Import took 0.036688 seconds .

========================================================================
Received Import Request.
  Time since last request: 0.000254 seconds.
  path: Assets/PyroParticles/Prefab/Audio/FireShoot1.ogg
  artifactKey: Guid(da5aeec65dfce4d449024607b399a5ec) Importer(815301076,1909f56bfc062723c751e8b465ee728b)
Start importing Assets/PyroParticles/Prefab/Audio/FireShoot1.ogg using Guid(da5aeec65dfce4d449024607b399a5ec) Importer(815301076,1909f56bfc062723c751e8b465ee728b)  -> (artifact id: 'e7b8f2816d8c2c86ae3ccabf42cfd054') in 0.021254 seconds 
  Import took 0.024091 seconds .

========================================================================
Received Import Request.
  Time since last request: 0.000201 seconds.
  path: Assets/PyroParticles/Prefab/Audio/FireLoop3.ogg
  artifactKey: Guid(dd4cb05799dab124e9b5105f893be5d5) Importer(815301076,1909f56bfc062723c751e8b465ee728b)
Start importing Assets/PyroParticles/Prefab/Audio/FireLoop3.ogg using Guid(dd4cb05799dab124e9b5105f893be5d5) Importer(815301076,1909f56bfc062723c751e8b465ee728b)  -> (artifact id: 'd673d434ead2093f2b6e4db42131bc2c') in 0.033731 seconds 
  Import took 0.038189 seconds .

========================================================================
Received Import Request.
  Time since last request: 0.000234 seconds.
  path: Assets/PyroParticles/Prefab/Audio/FireExplosion5.ogg
  artifactKey: Guid(0dcfe736485e63542b5036dc5b360032) Importer(815301076,1909f56bfc062723c751e8b465ee728b)
Start importing Assets/PyroParticles/Prefab/Audio/FireExplosion5.ogg using Guid(0dcfe736485e63542b5036dc5b360032) Importer(815301076,1909f56bfc062723c751e8b465ee728b)  -> (artifact id: 'ede4abf89bc227349c1560e0458f52ea') in 0.023777 seconds 
  Import took 0.028022 seconds .

========================================================================
Received Import Request.
  Time since last request: 0.000217 seconds.
  path: Assets/PyroParticles/Prefab/Audio/FireShoot6.ogg
  artifactKey: Guid(a2cb9f8f4930f7e48b48bf85834f464c) Importer(815301076,1909f56bfc062723c751e8b465ee728b)
Start importing Assets/PyroParticles/Prefab/Audio/FireShoot6.ogg using Guid(a2cb9f8f4930f7e48b48bf85834f464c) Importer(815301076,1909f56bfc062723c751e8b465ee728b)  -> (artifact id: '4152b8120fa1d51ac357406e8278eafc') in 0.029785 seconds 
  Import took 0.034426 seconds .

========================================================================
Received Import Request.
  Time since last request: 0.000267 seconds.
  path: Assets/PyroParticles/Prefab/Audio/FireExplosion1.ogg
  artifactKey: Guid(31dbe1f047a081845bd95a5b256ee829) Importer(815301076,1909f56bfc062723c751e8b465ee728b)
Start importing Assets/PyroParticles/Prefab/Audio/FireExplosion1.ogg using Guid(31dbe1f047a081845bd95a5b256ee829) Importer(815301076,1909f56bfc062723c751e8b465ee728b)  -> (artifact id: 'dfab12d8a92fbb87a9c0113b737fe47b') in 0.021030 seconds 
  Import took 0.025824 seconds .

========================================================================
Received Import Request.
  Time since last request: 0.000261 seconds.
  path: Assets/PyroParticles/Prefab/Audio/FireShoot2.ogg
  artifactKey: Guid(ca679721d8a1b6243acc9a7ce566789b) Importer(815301076,1909f56bfc062723c751e8b465ee728b)
Start importing Assets/PyroParticles/Prefab/Audio/FireShoot2.ogg using Guid(ca679721d8a1b6243acc9a7ce566789b) Importer(815301076,1909f56bfc062723c751e8b465ee728b)  -> (artifact id: 'bc3c77f3b978741f3a981485b589f90a') in 0.023203 seconds 
  Import took 0.026811 seconds .

========================================================================
Received Import Request.
  Time since last request: 0.000324 seconds.
  path: Assets/PyroParticles/Prefab/Audio/LargeFire2.ogg
  artifactKey: Guid(7143268172057c144bb596799d50ab38) Importer(815301076,1909f56bfc062723c751e8b465ee728b)
Start importing Assets/PyroParticles/Prefab/Audio/LargeFire2.ogg using Guid(7143268172057c144bb596799d50ab38) Importer(815301076,1909f56bfc062723c751e8b465ee728b)  -> (artifact id: '3154006d2068d43390168d1dcf748c8b') in 0.032380 seconds 
  Import took 0.036631 seconds .

========================================================================
Received Import Request.
  Time since last request: 0.000258 seconds.
  path: Assets/PyroParticles/Prefab/Audio/FireShoot7.ogg
  artifactKey: Guid(074ccb664b11e1341a5ac9b972ea3ab8) Importer(815301076,1909f56bfc062723c751e8b465ee728b)
Start importing Assets/PyroParticles/Prefab/Audio/FireShoot7.ogg using Guid(074ccb664b11e1341a5ac9b972ea3ab8) Importer(815301076,1909f56bfc062723c751e8b465ee728b)  -> (artifact id: '2494e7ac822e33374250c2320cb257c3') in 0.034188 seconds 
  Import took 0.038497 seconds .

========================================================================
Received Import Request.
  Time since last request: 0.000263 seconds.
  path: Assets/PyroParticles/Prefab/Audio/FireExplosion7.ogg
  artifactKey: Guid(1b1e870555539084e867c27366722812) Importer(815301076,1909f56bfc062723c751e8b465ee728b)
Start importing Assets/PyroParticles/Prefab/Audio/FireExplosion7.ogg using Guid(1b1e870555539084e867c27366722812) Importer(815301076,1909f56bfc062723c751e8b465ee728b)  -> (artifact id: '1796484e677eab5a291798297cc5977b') in 0.030284 seconds 
  Import took 0.035018 seconds .

========================================================================
Received Import Request.
  Time since last request: 0.000238 seconds.
  path: Assets/PyroParticles/Prefab/Audio/FireLoop2.ogg
  artifactKey: Guid(5aadc4dc07dd8c0448550fc57a19a72c) Importer(815301076,1909f56bfc062723c751e8b465ee728b)
Start importing Assets/PyroParticles/Prefab/Audio/FireLoop2.ogg using Guid(5aadc4dc07dd8c0448550fc57a19a72c) Importer(815301076,1909f56bfc062723c751e8b465ee728b)  -> (artifact id: '7a849f6ce25d10c6b838bae5f568b285') in 0.029015 seconds 
  Import took 0.035660 seconds .

========================================================================
Received Import Request.
  Time since last request: 0.000280 seconds.
  path: Assets/PyroParticles/Prefab/Audio/FireShoot8.ogg
  artifactKey: Guid(9e8ce623bafed8e43bedc188b3fc046f) Importer(815301076,1909f56bfc062723c751e8b465ee728b)
Start importing Assets/PyroParticles/Prefab/Audio/FireShoot8.ogg using Guid(9e8ce623bafed8e43bedc188b3fc046f) Importer(815301076,1909f56bfc062723c751e8b465ee728b)  -> (artifact id: '6bfd5335e972af8e3f50fd856dc06b35') in 0.036654 seconds 
  Import took 0.040145 seconds .

========================================================================
Received Import Request.
  Time since last request: 0.000247 seconds.
  path: Assets/PyroParticles/Prefab/Audio/FireShoot3.ogg
  artifactKey: Guid(04f423841d9fff345a394fdb44f4bac4) Importer(815301076,1909f56bfc062723c751e8b465ee728b)
Start importing Assets/PyroParticles/Prefab/Audio/FireShoot3.ogg using Guid(04f423841d9fff345a394fdb44f4bac4) Importer(815301076,1909f56bfc062723c751e8b465ee728b)  -> (artifact id: '0eb294c3caaea262ddbe9df0ec8b7a8a') in 0.031527 seconds 
  Import took 0.047699 seconds .

========================================================================
Received Import Request.
  Time since last request: 0.000310 seconds.
  path: Assets/PyroParticles/Prefab/Audio/LargeFire1.ogg
  artifactKey: Guid(b421470cd558efa48b54c60debd59321) Importer(815301076,1909f56bfc062723c751e8b465ee728b)
Start importing Assets/PyroParticles/Prefab/Audio/LargeFire1.ogg using Guid(b421470cd558efa48b54c60debd59321) Importer(815301076,1909f56bfc062723c751e8b465ee728b)  -> (artifact id: '25172a197921a8ac1a5eb25aebc94cb3') in 0.039421 seconds 
  Import took 0.045946 seconds .

========================================================================
Received Import Request.
  Time since last request: 0.000204 seconds.
  path: Assets/PyroParticles/Prefab/Audio/FireExplosion6.ogg
  artifactKey: Guid(15b61cecc9c413944b23744fbd523914) Importer(815301076,1909f56bfc062723c751e8b465ee728b)
Start importing Assets/PyroParticles/Prefab/Audio/FireExplosion6.ogg using Guid(15b61cecc9c413944b23744fbd523914) Importer(815301076,1909f56bfc062723c751e8b465ee728b)  -> (artifact id: 'e13416b94f9fb27b10f75ab1d0077044') in 0.031590 seconds 
  Import took 0.034606 seconds .

========================================================================
Received Import Request.
  Time since last request: 0.000203 seconds.
  path: Assets/PyroParticles/Prefab/Audio/FireShoot5.ogg
  artifactKey: Guid(0b02c09b276fdeb40a0378331b9baef5) Importer(815301076,1909f56bfc062723c751e8b465ee728b)
Start importing Assets/PyroParticles/Prefab/Audio/FireShoot5.ogg using Guid(0b02c09b276fdeb40a0378331b9baef5) Importer(815301076,1909f56bfc062723c751e8b465ee728b)  -> (artifact id: '9f3e95f080293cc422f1d15c55e806d8') in 0.025913 seconds 
  Import took 0.030019 seconds .

========================================================================
Received Import Request.
  Time since last request: 0.000395 seconds.
  path: Assets/PyroParticles/Prefab/Audio/FireExplosion4.ogg
  artifactKey: Guid(222141dd968fb6447b5c790b6d87a27b) Importer(815301076,1909f56bfc062723c751e8b465ee728b)
Start importing Assets/PyroParticles/Prefab/Audio/FireExplosion4.ogg using Guid(222141dd968fb6447b5c790b6d87a27b) Importer(815301076,1909f56bfc062723c751e8b465ee728b)  -> (artifact id: '7faa276e7052f39f214330a16e44f30e') in 0.022351 seconds 
  Import took 0.025893 seconds .

========================================================================
Received Import Request.
  Time since last request: 0.000218 seconds.
  path: Assets/PyroParticles/Prefab/Audio/FireLoop1.ogg
  artifactKey: Guid(8a2043d14545b4b45b5cbc0c8cbb8874) Importer(815301076,1909f56bfc062723c751e8b465ee728b)
Start importing Assets/PyroParticles/Prefab/Audio/FireLoop1.ogg using Guid(8a2043d14545b4b45b5cbc0c8cbb8874) Importer(815301076,1909f56bfc062723c751e8b465ee728b)  -> (artifact id: 'fa3b578429199841e94c8395545d4dff') in 0.030137 seconds 
  Import took 0.034019 seconds .

========================================================================
Received Import Request.
  Time since last request: 0.000229 seconds.
  path: Assets/PyroParticles/Prefab/Audio/FireExplosion2.ogg
  artifactKey: Guid(b57a5b81c8663e14bbf70a3cc6ff01ad) Importer(815301076,1909f56bfc062723c751e8b465ee728b)
Start importing Assets/PyroParticles/Prefab/Audio/FireExplosion2.ogg using Guid(b57a5b81c8663e14bbf70a3cc6ff01ad) Importer(815301076,1909f56bfc062723c751e8b465ee728b)  -> (artifact id: 'f63634b3a5e8433d44f15fbef7b2b49f') in 0.024641 seconds 
  Import took 0.028711 seconds .

========================================================================
Received Import Request.
  Time since last request: 0.000205 seconds.
  path: Assets/PyroParticles/Prefab/Audio/FireExplosion8.ogg
  artifactKey: Guid(3bbe242bc37c8614fbe02c843ed5b465) Importer(815301076,1909f56bfc062723c751e8b465ee728b)
Start importing Assets/PyroParticles/Prefab/Audio/FireExplosion8.ogg using Guid(3bbe242bc37c8614fbe02c843ed5b465) Importer(815301076,1909f56bfc062723c751e8b465ee728b)  -> (artifact id: 'd716d9a3ba897b9b9f6fa2b441145d62') in 0.032072 seconds 
  Import took 0.035613 seconds .

========================================================================
Received Import Request.
  Time since last request: 0.000231 seconds.
  path: Assets/PyroParticles/Prefab/Audio/FireExplosion3.ogg
  artifactKey: Guid(83a3d45944f24b647a973099cc6fb1d3) Importer(815301076,1909f56bfc062723c751e8b465ee728b)
Start importing Assets/PyroParticles/Prefab/Audio/FireExplosion3.ogg using Guid(83a3d45944f24b647a973099cc6fb1d3) Importer(815301076,1909f56bfc062723c751e8b465ee728b)  -> (artifact id: 'ba8ea8c8847eb3cf8a128d2982e8d78a') in 0.024408 seconds 
  Import took 0.028255 seconds .

========================================================================
Received Import Request.
  Time since last request: 0.000195 seconds.
  path: Assets/PyroParticles/Prefab/Editor/PyroParticlesLogo.png
  artifactKey: Guid(3f5cccaa9e8a292448e79f8d62a532ed) Importer(815301076,1909f56bfc062723c751e8b465ee728b)
Start importing Assets/PyroParticles/Prefab/Editor/PyroParticlesLogo.png using Guid(3f5cccaa9e8a292448e79f8d62a532ed) Importer(815301076,1909f56bfc062723c751e8b465ee728b)  -> (artifact id: '7254e6ca8155f9dfa569a1c33c7cc2e9') in 0.045734 seconds 
  Import took 0.054456 seconds .

========================================================================
Received Import Request.
  Time since last request: 0.000298 seconds.
  path: Assets/PyroParticles/Prefab/Audio/FireShoot4.ogg
  artifactKey: Guid(4e44e54a7843332488751c1d44253487) Importer(815301076,1909f56bfc062723c751e8b465ee728b)
Start importing Assets/PyroParticles/Prefab/Audio/FireShoot4.ogg using Guid(4e44e54a7843332488751c1d44253487) Importer(815301076,1909f56bfc062723c751e8b465ee728b)  -> (artifact id: '1402b8c8bff6036e0026126dcfe51055') in 0.047036 seconds 
  Import took 0.052859 seconds .

========================================================================
Received Import Request.
  Time since last request: 0.914416 seconds.
  path: Assets/PyroParticles/Prefab/Materials/FireParticleMeteorPhysicsMaterial.physicMaterial
  artifactKey: Guid(9dbc457aacb4ed945a27532a755ba760) Importer(815301076,1909f56bfc062723c751e8b465ee728b)
Start importing Assets/PyroParticles/Prefab/Materials/FireParticleMeteorPhysicsMaterial.physicMaterial using Guid(9dbc457aacb4ed945a27532a755ba760) Importer(815301076,1909f56bfc062723c751e8b465ee728b)  -> (artifact id: '9b74a325efa8e832e1473e7ff714d3c3') in 0.081882 seconds 
  Import took 0.092474 seconds .

========================================================================
Received Import Request.
  Time since last request: 1419.801899 seconds.
  path: Assets/PyroParticles/Demo
  artifactKey: Guid(eb7216d604c894143a86709d6c29edda) Importer(815301076,1909f56bfc062723c751e8b465ee728b)
Start importing Assets/PyroParticles/Demo using Guid(eb7216d604c894143a86709d6c29edda) Importer(815301076,1909f56bfc062723c751e8b465ee728b)  -> (artifact id: 'd8c911025ef98f8aec727f16d81a0c1d') in 0.014464 seconds 
  Import took 0.018589 seconds .

========================================================================
Received Import Request.
  Time since last request: 0.984183 seconds.
  path: Assets/PyroParticles/Prefab
  artifactKey: Guid(1f512f196d39a9848951edc97c7aa360) Importer(815301076,1909f56bfc062723c751e8b465ee728b)
Start importing Assets/PyroParticles/Prefab using Guid(1f512f196d39a9848951edc97c7aa360) Importer(815301076,1909f56bfc062723c751e8b465ee728b)  -> (artifact id: '775277ffd5c1a64b6f6f6880847594d7') in 0.011975 seconds 
  Import took 0.016784 seconds .

AssetImportWorkerClient::OnTransportError - code=2 error=End of file
